StoryCamera/android/build/intermediates/manifest_merge_blame_file/debug/processDebugManifest/manifest-merger-blame-debug-report.txt
1<?xml version="1.0" encoding="utf-8"?>
2<manifest xmlns:android="http://schemas.android.com/apk/res/android"
3    package="app.lovable.velyar.storycamera" >
4
5    <uses-sdk android:minSdkVersion="24" />
6
7    <application>
7-->src/main/AndroidManifest.xml:3:3-10:17
8        <activity
8-->src/main/AndroidManifest.xml:4:5-9:65
9            android:name="app.lovable.velyar.storycamera.StoryCameraActivity"
9-->src/main/AndroidManifest.xml:5:7-72
10            android:configChanges="keyboard|keyboardHidden|orientation|screenSize|uiMode"
10-->src/main/AndroidManifest.xml:8:7-84
11            android:exported="false"
11-->src/main/AndroidManifest.xml:6:7-31
12            android:screenOrientation="portrait"
12-->src/main/AndroidManifest.xml:7:7-43
13            android:theme="@style/Theme.AppCompat.Light.NoActionBar" />
13-->src/main/AndroidManifest.xml:9:7-63
14    </application>
15
16</manifest>